[2020-03-23 09:18:32] START
[2020-03-23 09:24:14] EDIT farm/models/db.py: 9
[2020-03-23 09:24:49] EDIT farm/models/db.py: 1
[2020-03-23 09:27:16] EDIT farm/models/db.py: 6
[2020-03-23 09:29:45] EDIT farm/models/db.py: 7
[2020-03-23 09:31:36] EDIT farm/models/db.py: 0
[2020-03-23 09:31:47] CREATE products.py: 0
[2020-03-23 09:31:56] CREATE profile.py: 0
[2020-03-23 09:35:40] EDIT farm/controllers/products.py: 8
[2020-03-23 09:40:51] EDIT farm/controllers/products.py: 10
[2020-03-23 09:42:57] EDIT farm/controllers/products.py: 4
[2020-03-23 09:48:44] EDIT farm/controllers/products.py: 15
[2020-03-23 09:52:32] EDIT farm/controllers/products.py: 6
[2020-03-23 09:58:47] EDIT farm/controllers/products.py: 8
[2020-03-23 09:58:58] EDIT farm/controllers/products.py: 0
[2020-03-23 10:01:08] EDIT farm/controllers/profile.py: 11
[2020-03-23 10:01:28] EDIT farm/controllers/profile.py: 0
[2020-03-23 10:01:55] EDIT farm/controllers/profile.py: 0
[2020-03-23 10:02:35] EDIT farm/controllers/products.py: 0
[2020-03-23 10:04:27] CREATE products/myposts.html: 0
[2020-03-23 10:04:40] CREATE products/view.html: 0
[2020-03-23 10:04:50] CREATE products/update.html: 0
[2020-03-23 10:05:04] CREATE products/post.html: 0
[2020-03-23 10:05:17] CREATE products/proc.html: 0
[2020-03-23 10:05:37] CREATE profile/save.html: 0
[2020-03-23 10:13:45] EDIT farm/views/products/myposts.html: 24
[2020-03-23 10:13:59] EDIT farm/views/products/myposts.html: 2
[2020-03-23 10:17:05] EDIT farm/views/products/post.html: 2
[2020-03-23 10:18:44] EDIT farm/views/products/update.html: 7
[2020-03-23 10:19:58] EDIT farm/views/products/update.html: 3
[2020-03-23 10:20:12] EDIT farm/views/products/post.html: 0
[2020-03-23 10:23:21] EDIT farm/views/products/proc.html: 12
[2020-03-23 10:24:33] EDIT farm/views/products/proc.html: 3
[2020-03-23 10:28:43] EDIT farm/views/products/view.html: 6
[2020-03-23 10:34:51] EDIT farm/views/products/view.html: 22
[2020-03-23 10:36:02] EDIT farm/views/products/view.html: 3
[2020-03-23 10:37:03] EDIT farm/views/products/view.html: 3
[2020-03-23 10:39:19] EDIT farm/views/profile/save.html: 5
[2020-03-23 10:39:55] EDIT farm/views/profile/save.html: 0
[2020-03-23 10:44:09] EDIT farm/models/menu.py: 0
[2020-03-23 11:01:52] EDIT farm/models/menu.py: 0
[2020-03-23 11:05:04] EDIT farm/models/db.py: 0
[2020-03-23 11:07:03] EDIT farm/models/db.py: 0
[2020-03-23 11:11:46] EDIT farm/views/profile/save.html: 0
[2020-03-23 11:12:13] EDIT farm/views/profile/save.html: 0
[2020-03-23 11:12:50] EDIT farm/views/profile/save.html: 0
[2020-03-23 11:13:12] EDIT farm/views/profile/save.html: 0
[2020-03-23 11:14:01] EDIT farm/views/products/view.html: 0
[2020-03-23 11:19:08] EDIT farm/controllers/products.py: 0
[2020-03-23 11:22:39] EDIT farm/models/menu.py: -88
